2020-12-22 20:48:28,999 [Server thread] INFO Treasure2 | AbstractChestGenerator.java:207 | CHEATER! COMMON chest at coords: 8 57 264
2020-12-22 20:48:30,880 [Server thread] INFO Treasure2 | AbstractChestGenerator.java:207 | CHEATER! UNCOMMON chest at coords: 88 60 -8
2020-12-22 20:48:32,674 [Server thread] INFO Treasure2 | AbstractChestGenerator.java:207 | CHEATER! SCARCE chest at coords: 168 30 136
2020-12-22 20:48:35,936 [Server thread] INFO Treasure2 | AbstractChestGenerator.java:207 | CHEATER! UNCOMMON chest at coords: 216 61 328
2020-12-22 20:48:37,691 [Server thread] INFO Treasure2 | WoodDrawWellGenerator.java:79 | CHEATER! Wishing Well at coords: 280 75 136
2020-12-22 20:48:38,057 [Server thread] INFO Treasure2 | AbstractChestGenerator.java:207 | CHEATER! COMMON chest at coords: 296 57 168
2020-12-22 20:49:00,376 [Server thread] INFO Treasure2 | AbstractChestGenerator.java:207 | CHEATER! UNCOMMON chest at coords: -56 60 -8
2020-12-22 20:49:06,566 [Server thread] INFO Treasure2 | AbstractChestGenerator.java:207 | CHEATER! SCARCE chest at coords: -440 55 -456
2020-12-22 20:49:11,292 [Server thread] INFO Treasure2 | AbstractChestGenerator.java:207 | CHEATER! RARE chest at coords: -344 57 -392
2020-12-22 20:49:15,147 [Server thread] INFO Treasure2 | WoodDrawWellGenerator.java:79 | CHEATER! Wishing Well at coords: -504 70 -360
2020-12-22 20:49:15,937 [Server thread] INFO Treasure2 | AbstractChestGenerator.java:207 | CHEATER! COMMON chest at coords: -424 54 -242
2020-12-22 20:49:19,815 [Server thread] INFO Treasure2 | AbstractChestGenerator.java:207 | CHEATER! SCARCE chest at coords: -360 59 -488
2020-12-22 20:49:31,073 [Server thread] INFO Treasure2 | AbstractChestGenerator.java:207 | CHEATER! UNCOMMON chest at coords: -184 63 -376
2020-12-22 20:49:46,156 [Server thread] INFO Treasure2 | AbstractChestGenerator.java:207 | CHEATER! COMMON chest at coords: 136 58 -72
2020-12-22 20:52:50,694 [Server thread] INFO Treasure2 | AbstractChestGenerator.java:207 | CHEATER! COMMON chest at coords: -88 60 184
2020-12-22 20:53:01,725 [Server thread] INFO Treasure2 | AbstractChestGenerator.java:207 | CHEATER! SCARCE chest at coords: 40 51 -376
2020-12-22 20:53:09,896 [Server thread] INFO Treasure2 | AbstractChestGenerator.java:207 | CHEATER! RARE chest at coords: -152 44 -472
2020-12-22 20:53:13,987 [Server thread] INFO Treasure2 | AbstractChestGenerator.java:207 | CHEATER! COMMON chest at coords: 259 56 -72
2020-12-22 20:53:19,041 [Server thread] INFO Treasure2 | AbstractChestGenerator.java:207 | CHEATER! SCARCE chest at coords: -72 32 296
2020-12-22 20:53:24,002 [Server thread] INFO Treasure2 | AbstractChestGenerator.java:207 | CHEATER! COMMON chest at coords: 408 50 168
2020-12-22 20:53:30,793 [Server thread] INFO Treasure2 | AbstractChestGenerator.java:207 | CHEATER! EPIC chest at coords: 376 42 328
2020-12-22 20:53:36,176 [Server thread] INFO Treasure2 | WoodDrawWellGenerator.java:79 | CHEATER! Wishing Well at coords: 56 64 424
2020-12-22 20:53:36,202 [Server thread] INFO Treasure2 | AbstractChestGenerator.java:207 | CHEATER! COMMON chest at coords: 8 52 408
2020-12-22 20:53:41,197 [Server thread] INFO Treasure2 | AbstractChestGenerator.java:207 | CHEATER! COMMON chest at coords: 408 70 -72
2020-12-22 20:53:46,308 [Server thread] INFO Treasure2 | AbstractChestGenerator.java:207 | CHEATER! SCARCE chest at coords: 344 45 -168
2020-12-22 20:53:51,784 [Server thread] INFO Treasure2 | AbstractChestGenerator.java:207 | CHEATER! UNCOMMON chest at coords: 552 69 200
2020-12-22 20:53:56,744 [Server thread] INFO Treasure2 | AbstractChestGenerator.java:207 | CHEATER! COMMON chest at coords: 542 51 -55
2020-12-22 20:54:00,302 [Server thread] INFO Treasure2 | SimpleWellGenerator.java:85 | CHEATER! Wishing Well at coords: 520 63 360
2020-12-22 20:54:01,374 [Server thread] INFO Treasure2 | AbstractChestGenerator.java:207 | CHEATER! SCARCE chest at coords: 605 37 280
2020-12-22 20:54:05,490 [Server thread] INFO Treasure2 | AbstractChestGenerator.java:207 | CHEATER! UNCOMMON chest at coords: 440 54 -184
2020-12-22 20:54:11,421 [Server thread] INFO Treasure2 | AbstractChestGenerator.java:207 | CHEATER! EPIC chest at coords: 696 62 232
2020-12-22 20:54:16,403 [Server thread] INFO Treasure2 | AbstractChestGenerator.java:207 | CHEATER! UNCOMMON chest at coords: 264 50 520
2020-12-22 20:54:21,796 [Server thread] INFO Treasure2 | AbstractChestGenerator.java:207 | CHEATER! COMMON chest at coords: 168 58 504
2020-12-22 20:54:27,304 [Server thread] INFO Treasure2 | AbstractChestGenerator.java:207 | CHEATER! COMMON chest at coords: 616 58 472
2020-12-22 20:54:31,284 [Server thread] INFO Treasure2 | AbstractChestGenerator.java:207 | CHEATER! UNCOMMON chest at coords: 72 52 488
2020-12-22 20:54:41,484 [Server thread] INFO Treasure2 | AbstractChestGenerator.java:207 | CHEATER! COMMON chest at coords: 792 63 296
2020-12-22 20:54:46,621 [Server thread] INFO Treasure2 | AbstractChestGenerator.java:207 | CHEATER! UNCOMMON chest at coords: 280 57 600
2020-12-22 20:54:49,909 [Server thread] INFO Treasure2 | AbstractChestGenerator.java:207 | CHEATER! SCARCE chest at coords: 184 56 584
2020-12-22 20:54:55,842 [Server thread] INFO Treasure2 | AbstractChestGenerator.java:207 | CHEATER! UNCOMMON chest at coords: 88 63 600
2020-12-22 20:55:00,698 [Server thread] INFO Treasure2 | AbstractChestGenerator.java:207 | CHEATER! UNCOMMON chest at coords: 888 52 280
2020-12-22 20:55:07,283 [Server thread] INFO Treasure2 | AbstractChestGenerator.java:207 | CHEATER! UNCOMMON chest at coords: 200 59 680
2020-12-22 20:55:13,167 [Server thread] INFO Treasure2 | AbstractChestGenerator.java:207 | CHEATER! EPIC chest at coords: 648 38 696
2020-12-22 20:55:30,524 [Server thread] INFO Treasure2 | AbstractChestGenerator.java:207 | CHEATER! UNCOMMON chest at coords: 552 47 792
2020-12-22 20:55:38,950 [Server thread] INFO Treasure2 | AbstractChestGenerator.java:207 | CHEATER! RARE chest at coords: 1070 39 121
2020-12-22 20:55:39,170 [Server thread] INFO Treasure2 | SimpleWellGenerator.java:85 | CHEATER! Wishing Well at coords: 680 64 792
2020-12-22 20:55:43,201 [Server thread] INFO Treasure2 | AbstractChestGenerator.java:207 | CHEATER! SCARCE chest at coords: 760 32 776
2020-12-22 20:56:08,605 [Server thread] INFO Treasure2 | AbstractChestGenerator.java:207 | CHEATER! COMMON chest at coords: 616 53 856
2020-12-22 20:56:15,752 [Server thread] INFO Treasure2 | AbstractChestGenerator.java:207 | CHEATER! RARE chest at coords: 504 29 -386
2020-12-22 20:56:19,511 [Server thread] INFO Treasure2 | SimpleWellGenerator.java:85 | CHEATER! Wishing Well at coords: 488 70 -408
2020-12-22 20:56:22,597 [Server thread] INFO Treasure2 | AbstractChestGenerator.java:207 | CHEATER! COMMON chest at coords: 622 54 -439
2020-12-22 20:56:28,696 [Server thread] INFO Treasure2 | AbstractChestGenerator.java:207 | CHEATER! UNCOMMON chest at coords: 456 51 -456
2020-12-22 20:56:33,093 [Server thread] INFO Treasure2 | AbstractChestGenerator.java:207 | CHEATER! COMMON chest at coords: 568 61 -504
2020-12-22 20:56:37,621 [Server thread] INFO Treasure2 | AbstractChestGenerator.java:207 | CHEATER! UNCOMMON chest at coords: 392 54 -504
2020-12-22 20:57:01,326 [Server thread] INFO Treasure2 | AbstractChestGenerator.java:207 | CHEATER! COMMON chest at coords: 968 51 -504
2020-12-22 20:57:04,710 [Server thread] INFO Treasure2 | AbstractChestGenerator.java:207 | CHEATER! EPIC chest at coords: 8 27 584
2020-12-22 20:57:08,992 [Server thread] INFO Treasure2 | AbstractChestGenerator.java:207 | CHEATER! COMMON chest at coords: 1064 58 -488
2020-12-22 20:57:12,974 [Server thread] INFO Treasure2 | AbstractChestGenerator.java:207 | CHEATER! COMMON chest at coords: 72 62 712
2020-12-22 20:57:16,372 [Server thread] INFO Treasure2 | AbstractChestGenerator.java:207 | CHEATER! UNCOMMON chest at coords: 24 56 -568
2020-12-22 20:57:22,286 [Server thread] INFO Treasure2 | AbstractChestGenerator.java:207 | CHEATER! COMMON chest at coords: -40 57 712
2020-12-22 20:57:25,668 [Server thread] INFO Treasure2 | AbstractChestGenerator.java:207 | CHEATER! RARE chest at coords: -60 22 -584
2020-12-22 20:57:48,063 [Server thread] INFO Treasure2 | AbstractChestGenerator.java:207 | CHEATER! COMMON chest at coords: -200 92 232
